<?xml version="1.0" encoding="UTF-8"?>
<!-- Generated by org.testng.reporters.JUnitXMLReporter -->
<testsuite ignored="0" hostname="LAPTOP-2122UIPD" failures="0" tests="15" name="ChromeTest" time="122.333" errors="0" timestamp="2023-07-24T15:27:45 IST">
  <testcase classname="amazon.testScripts.TC01FirstTest" name="homePageTest" time="2.412"/>
  <testcase classname="amazon.testScripts.TC02SearchBarTest" name="setUp" time="0.013"/>
  <testcase classname="amazon.testScripts.TC02SearchBarTest" name="LocateSearchBar" time="0.302"/>
  <testcase classname="amazon.testScripts.TC02SearchBarTest" name="SearchAutoSuggestion" time="0.716"/>
  <testcase classname="amazon.testScripts.TC02SearchBarTest" name="SearchProduct" time="3.366"/>
  <testcase classname="amazon.testScripts.TC03AddProductToCartTest" name="setUp" time="0.014"/>
  <testcase classname="amazon.testScripts.TC03AddProductToCartTest" name="SearchProduct" time="14.488"/>
  <testcase classname="amazon.testScripts.TC04TodayDealsTest" name="setUp" time="0.006"/>
  <testcase classname="amazon.testScripts.TC04TodayDealsTest" name="todayDealsUITest" time="0.38"/>
  <testcase classname="amazon.testScripts.TC04TodayDealsTest" name="todayDealsFunctionTest" time="2.471"/>
  <testcase classname="amazon.testScripts.TC05CustomerServiceTest" name="CustomerServiceUITest" time="0.246"/>
  <testcase classname="amazon.testScripts.TC05CustomerServiceTest" name="custServiceFunc" time="2.326"/>
  <testcase classname="amazon.testScripts.TC06LanguagesTest" name="languageUITest" time="0.22"/>
  <testcase classname="amazon.testScripts.TC06LanguagesTest" name="chooseLangFunc" time="1.742"/>
  <testcase classname="amazon.testScripts.TC07DataDrivenTest" name="setUp" time="0.006"/>
</testsuite> <!-- ChromeTest -->
