<?xml version="1.0" encoding="UTF-8"?>
<!-- Generated by org.testng.reporters.JUnitXMLReporter -->
<testsuite ignored="0" hostname="LAPTOP-2122UIPD" failures="0" tests="15" name="Test" time="157.474" errors="0" timestamp="2023-07-26T14:47:51 IST">
  <testcase classname="amazon.testScripts.TC03AddProductToCartTest" name="setUp" time="0.227"/>
  <testcase classname="amazon.testScripts.TC03AddProductToCartTest" name="SearchProduct" time="24.416"/>
  <testcase classname="amazon.testScripts.TC01HomePageTest" name="homePageTest" time="0.281"/>
  <testcase classname="amazon.testScripts.TC02SearchBarTest" name="setUp" time="0.008"/>
  <testcase classname="amazon.testScripts.TC02SearchBarTest" name="LocateSearchBar" time="0.452"/>
  <testcase classname="amazon.testScripts.TC02SearchBarTest" name="SearchAutoSuggestion" time="0.584"/>
  <testcase classname="amazon.testScripts.TC02SearchBarTest" name="SearchProduct" time="2.694"/>
  <testcase classname="amazon.testScripts.TC04TodayDealsTest" name="setUp" time="0.025"/>
  <testcase classname="amazon.testScripts.TC04TodayDealsTest" name="todayDealsUITest" time="0.343"/>
  <testcase classname="amazon.testScripts.TC04TodayDealsTest" name="todayDealsFunctionTest" time="2.392"/>
  <testcase classname="amazon.testScripts.TC05CustomerServiceTest" name="setUp" time="0.041"/>
  <testcase classname="amazon.testScripts.TC05CustomerServiceTest" name="CustomerServiceUITest" time="0.838"/>
  <testcase classname="amazon.testScripts.TC05CustomerServiceTest" name="custServiceFunc" time="2.32"/>
  <testcase classname="amazon.testScripts.TC06LanguagesTest" name="languageUITest" time="0.305"/>
  <testcase classname="amazon.testScripts.TC06LanguagesTest" name="chooseLangFunc" time="1.701"/>
</testsuite> <!-- Test -->
