<?xml version="1.0" encoding="UTF-8"?>
<!-- Generated by org.testng.reporters.JUnitReportReporter -->
<testsuite hostname="Tilak" failures="0" tests="2" name="amazon.testScripts.AmazonNavBarTest" time="47.656" errors="0" timestamp="2023-02-07T10:45:00 IST" skipped="0">
  <testcase classname="amazon.testScripts.AmazonNavBarTest" name="navbar_Links_List" time="5.490"/>
  <system-out/>
  <testcase classname="amazon.testScripts.AmazonNavBarTest" name="testSearchBar" time="42.166"/>
  <system-out/>
</testsuite> <!-- amazon.testScripts.AmazonNavBarTest -->
