<?xml version="1.0" encoding="UTF-8"?>
<testng-results ignored="0" total="2" passed="1" failed="1" skipped="0">
  <reporter-output>
    <line>
      <![CDATA[Opened Session Successful]]>
    </line>
    <line>
      <![CDATA[Login Successful]]>
    </line>
    <line>
      <![CDATA[Logout Successful]]>
    </line>
    <line>
      <![CDATA[Login Successful]]>
    </line>
    <line>
      <![CDATA[Logout Successful]]>
    </line>
    <line>
      <![CDATA[Closed Session Successful]]>
    </line>
  </reporter-output>
  <suite started-at="2023-08-08T18:21:37 IST" name="Default suite" finished-at="2023-08-08T18:23:07 IST" duration-ms="89780">
    <groups>
    </groups>
    <test started-at="2023-08-08T18:21:37 IST" name="Default test" finished-at="2023-08-08T18:23:07 IST" duration-ms="89780">
      <class name="amazon.testScripts.TC08_FooterSectionTest">
        <test-method is-config="true" signature="OpenBrowser()[pri:0, instance:amazon.testScripts.TC08_FooterSectionTest@206a70ef]" started-at="2023-08-08T18:21:37 IST" name="OpenBrowser" finished-at="2023-08-08T18:22:02 IST" duration-ms="24422" status="PASS">
          <reporter-output>
            <line>
              <![CDATA[Opened Session Successful]]>
            </line>
          </reporter-output>
        </test-method> <!-- OpenBrowser -->
        <test-method is-config="true" signature="Login()[pri:0, instance:amazon.testScripts.TC08_FooterSectionTest@206a70ef]" started-at="2023-08-08T18:22:02 IST" name="Login" finished-at="2023-08-08T18:22:17 IST" duration-ms="15154" status="PASS">
          <reporter-output>
            <line>
              <![CDATA[Login Successful]]>
            </line>
          </reporter-output>
        </test-method> <!-- Login -->
        <test-method signature="setUp()[pri:0, instance:amazon.testScripts.TC08_FooterSectionTest@206a70ef]" started-at="2023-08-08T18:22:17 IST" name="setUp" finished-at="2023-08-08T18:22:20 IST" duration-ms="2784" status="PASS">
          <reporter-output>
          </reporter-output>
        </test-method> <!-- setUp -->
        <test-method is-config="true" signature="logout()[pri:0, instance:amazon.testScripts.TC08_FooterSectionTest@206a70ef]" started-at="2023-08-08T18:22:20 IST" name="logout" finished-at="2023-08-08T18:22:20 IST" duration-ms="1" status="PASS">
          <reporter-output>
            <line>
              <![CDATA[Logout Successful]]>
            </line>
          </reporter-output>
        </test-method> <!-- logout -->
        <test-method is-config="true" signature="Login()[pri:0, instance:amazon.testScripts.TC08_FooterSectionTest@206a70ef]" started-at="2023-08-08T18:22:20 IST" name="Login" finished-at="2023-08-08T18:22:29 IST" duration-ms="8946" status="PASS">
          <reporter-output>
            <line>
              <![CDATA[Login Successful]]>
            </line>
          </reporter-output>
        </test-method> <!-- Login -->
        <test-method signature="connectWithUsGetLinks()[pri:2, instance:amazon.testScripts.TC08_FooterSectionTest@206a70ef]" started-at="2023-08-08T18:22:29 IST" name="connectWithUsGetLinks" finished-at="2023-08-08T18:22:54 IST" duration-ms="25750" status="FAIL">
          <exception class="java.lang.IndexOutOfBoundsException">
            <message>
              <![CDATA[Index 0 out of bounds for length 0]]>
            </message>
            <full-stacktrace>
              <![CDATA[java.lang.IndexOutOfBoundsException: Index 0 out of bounds for length 0
at java.base/jdk.internal.util.Preconditions.outOfBounds(Preconditions.java:100)
at java.base/jdk.internal.util.Preconditions.outOfBoundsCheckIndex(Preconditions.java:106)
at java.base/jdk.internal.util.Preconditions.checkIndex(Preconditions.java:302)
at java.base/java.util.Objects.checkIndex(Objects.java:385)
at java.base/java.util.ArrayList.get(ArrayList.java:427)
at java.base/jdk.internal.reflect.DirectMethodHandleAccessor.invoke(DirectMethodHandleAccessor.java:104)
at java.base/java.lang.reflect.Method.invoke(Method.java:578)
at org.openqa.selenium.support.pagefactory.internal.LocatingElementListHandler.invoke(LocatingElementListHandler.java:39)
at jdk.proxy2/jdk.proxy2.$Proxy20.get(Unknown Source)
at amazon.testScripts.TC08_FooterSectionTest.connectWithUsGetLinks(TC08_FooterSectionTest.java:45)
at java.base/jdk.internal.reflect.DirectMethodHandleAccessor.invoke(DirectMethodHandleAccessor.java:104)
at java.base/java.lang.reflect.Method.invoke(Method.java:578)
at org.testng.internal.invokers.MethodInvocationHelper.invokeMethod(MethodInvocationHelper.java:139)
at org.testng.internal.invokers.TestInvoker.invokeMethod(TestInvoker.java:664)
at org.testng.internal.invokers.TestInvoker.invokeTestMethod(TestInvoker.java:227)
at org.testng.internal.invokers.MethodRunner.runInSequence(MethodRunner.java:50)
at org.testng.internal.invokers.TestInvoker$MethodInvocationAgent.invoke(TestInvoker.java:957)
at org.testng.internal.invokers.TestInvoker.invokeTestMethods(TestInvoker.java:200)
at org.testng.internal.invokers.TestMethodWorker.invokeTestMethods(TestMethodWorker.java:148)
at org.testng.internal.invokers.TestMethodWorker.run(TestMethodWorker.java:128)
at java.base/java.util.ArrayList.forEach(ArrayList.java:1511)
at org.testng.TestRunner.privateRun(TestRunner.java:848)
at org.testng.TestRunner.run(TestRunner.java:621)
at org.testng.SuiteRunner.runTest(SuiteRunner.java:443)
at org.testng.SuiteRunner.runSequentially(SuiteRunner.java:437)
at org.testng.SuiteRunner.privateRun(SuiteRunner.java:397)
at org.testng.SuiteRunner.run(SuiteRunner.java:336)
at org.testng.SuiteRunnerWorker.runSuite(SuiteRunnerWorker.java:52)
at org.testng.SuiteRunnerWorker.run(SuiteRunnerWorker.java:95)
at org.testng.TestNG.runSuitesSequentially(TestNG.java:1280)
at org.testng.TestNG.runSuitesLocally(TestNG.java:1200)
at org.testng.TestNG.runSuites(TestNG.java:1114)
at org.testng.TestNG.run(TestNG.java:1082)
at org.testng.remote.AbstractRemoteTestNG.run(AbstractRemoteTestNG.java:115)
at org.testng.remote.RemoteTestNG.initAndRun(RemoteTestNG.java:251)
at org.testng.remote.RemoteTestNG.main(RemoteTestNG.java:77)
]]>
            </full-stacktrace>
          </exception> <!-- java.lang.IndexOutOfBoundsException -->
          <reporter-output>
          </reporter-output>
        </test-method> <!-- connectWithUsGetLinks -->
        <test-method is-config="true" signature="logout()[pri:0, instance:amazon.testScripts.TC08_FooterSectionTest@206a70ef]" started-at="2023-08-08T18:22:55 IST" name="logout" finished-at="2023-08-08T18:22:55 IST" duration-ms="1" status="PASS">
          <reporter-output>
            <line>
              <![CDATA[Logout Successful]]>
            </line>
          </reporter-output>
        </test-method> <!-- logout -->
        <test-method is-config="true" signature="closeBrowser()[pri:0, instance:amazon.testScripts.TC08_FooterSectionTest@206a70ef]" started-at="2023-08-08T18:22:55 IST" name="closeBrowser" finished-at="2023-08-08T18:23:07 IST" duration-ms="12423" status="PASS">
          <reporter-output>
            <line>
              <![CDATA[Closed Session Successful]]>
            </line>
          </reporter-output>
        </test-method> <!-- closeBrowser -->
      </class> <!-- amazon.testScripts.TC08_FooterSectionTest -->
    </test> <!-- Default test -->
  </suite> <!-- Default suite -->
</testng-results>
