<?xml version="1.0" encoding="UTF-8"?>
<testng-results ignored="0" total="1" passed="1" failed="0" skipped="0">
  <reporter-output>
    <line>
      <![CDATA[Opened Session Successful]]>
    </line>
    <line>
      <![CDATA[Login Successful]]>
    </line>
    <line>
      <![CDATA[Logout Successful]]>
    </line>
    <line>
      <![CDATA[Closed Session Successful]]>
    </line>
  </reporter-output>
  <suite started-at="2023-07-31T16:40:49 IST" name="Default suite" finished-at="2023-07-31T16:41:16 IST" duration-ms="26770">
    <groups>
    </groups>
    <test started-at="2023-07-31T16:40:49 IST" name="Default test" finished-at="2023-07-31T16:41:16 IST" duration-ms="26770">
      <class name="amazon.testScripts.TC07ElectronicsLaptopsTest">
        <test-method is-config="true" signature="OpenBrowser()[pri:0, instance:amazon.testScripts.TC07ElectronicsLaptopsTest@3c46e67a]" started-at="2023-07-31T16:40:49 IST" name="OpenBrowser" finished-at="2023-07-31T16:41:00 IST" duration-ms="10917" status="PASS">
          <reporter-output>
            <line>
              <![CDATA[Opened Session Successful]]>
            </line>
          </reporter-output>
        </test-method> <!-- OpenBrowser -->
        <test-method is-config="true" signature="Login()[pri:0, instance:amazon.testScripts.TC07ElectronicsLaptopsTest@3c46e67a]" started-at="2023-07-31T16:41:00 IST" name="Login" finished-at="2023-07-31T16:41:03 IST" duration-ms="3459" status="PASS">
          <reporter-output>
            <line>
              <![CDATA[Login Successful]]>
            </line>
          </reporter-output>
        </test-method> <!-- Login -->
        <test-method signature="clickElectronics()[pri:0, instance:amazon.testScripts.TC07ElectronicsLaptopsTest@3c46e67a]" started-at="2023-07-31T16:41:03 IST" name="clickElectronics" finished-at="2023-07-31T16:41:14 IST" duration-ms="10778" status="PASS">
          <reporter-output>
          </reporter-output>
        </test-method> <!-- clickElectronics -->
        <test-method is-config="true" signature="logout()[pri:0, instance:amazon.testScripts.TC07ElectronicsLaptopsTest@3c46e67a]" started-at="2023-07-31T16:41:14 IST" name="logout" finished-at="2023-07-31T16:41:14 IST" duration-ms="1" status="PASS">
          <reporter-output>
            <line>
              <![CDATA[Logout Successful]]>
            </line>
          </reporter-output>
        </test-method> <!-- logout -->
        <test-method is-config="true" signature="closeBrowser()[pri:0, instance:amazon.testScripts.TC07ElectronicsLaptopsTest@3c46e67a]" started-at="2023-07-31T16:41:14 IST" name="closeBrowser" finished-at="2023-07-31T16:41:16 IST" duration-ms="1503" status="PASS">
          <reporter-output>
            <line>
              <![CDATA[Closed Session Successful]]>
            </line>
          </reporter-output>
        </test-method> <!-- closeBrowser -->
      </class> <!-- amazon.testScripts.TC07ElectronicsLaptopsTest -->
    </test> <!-- Default test -->
  </suite> <!-- Default suite -->
</testng-results>
